<?xml version="1.0" encoding="UTF-8"?>
<testsuite xmlns:xsi="http://www.w3.org/2001/XMLSchema-instance" xsi:noNamespaceSchemaLocation="https://maven.apache.org/surefire/maven-surefire-plugin/xsd/surefire-test-report-3.0.xsd" version="3.0" name="com.ffms.ControllerLayerTests" time="5.178" tests="11" errors="0" skipped="0" failures="0">
  <properties>
[...]
</properties>
  <testcase name="testRegisterFaculty" classname="com.ffms.ControllerLayerTests" time="4.845"/>
  <testcase name="testSubmitFeedback" classname="com.ffms.ControllerLayerTests" time="0.043"/>
  <testcase name="testShowFacultyRegistrationForm" classname="com.ffms.ControllerLayerTests" time="0.022"/>
  <testcase name="testShowStudentLoginForm" classname="com.ffms.ControllerLayerTests" time="0.021"/>
  <testcase name="testHomePage" classname="com.ffms.ControllerLayerTests" time="0.019"/>
  <testcase name="testEnrollSubjectsWithoutLogin" classname="com.ffms.ControllerLayerTests" time="0.014"/>
  <testcase name="testShowFacultyLoginForm" classname="com.ffms.ControllerLayerTests" time="0.017"/>
  <testcase name="testSubmitFeedbackWithoutLogin" classname="com.ffms.ControllerLayerTests" time="0.016"/>
  <testcase name="testRegisterFacultyWithError" classname="com.ffms.ControllerLayerTests" time="0.021"/>
  <testcase name="testEnrollSubjects" classname="com.ffms.ControllerLayerTests" time="0.018"/>
  <testcase name="testShowStudentRegistrationForm" classname="com.ffms.ControllerLayerTests" time="0.018"/>
</testsuite>